<<<<<<< HEAD
2018-11-27 09:43:32[ERROR](DruidDataSource.java:805) invalid oracle validationQuery. select 1, may should be : select 1 FROM DUAL
2018-11-27 09:45:34[ERROR](DruidDataSource.java:805) invalid oracle validationQuery. select 1, may should be : select 1 FROM DUAL
2018-11-27 09:48:52[ERROR](DruidDataSource.java:805) invalid oracle validationQuery. select 1, may should be : select 1 FROM DUAL
2018-11-27 09:48:53[ERROR](Log4jFilter.java:152) {conn-10005, pstmt-20000} execute error. insert into vbuy (grade,zid) values (?,?)
java.sql.SQLException: ORA-01400: 无法将 NULL 插入 ("ZHANG"."VBUY"."ID")

	at oracle.jdbc.driver.DatabaseError.throwSqlException(DatabaseError.java:112)
	at oracle.jdbc.driver.T4CTTIoer.processError(T4CTTIoer.java:331)
	at oracle.jdbc.driver.T4CTTIoer.processError(T4CTTIoer.java:288)
	at oracle.jdbc.driver.T4C8Oall.receive(T4C8Oall.java:743)
	at oracle.jdbc.driver.T4CPreparedStatement.doOall8(T4CPreparedStatement.java:216)
	at oracle.jdbc.driver.T4CPreparedStatement.executeForRows(T4CPreparedStatement.java:955)
	at oracle.jdbc.driver.OracleStatement.doExecuteWithTimeout(OracleStatement.java:1168)
	at oracle.jdbc.driver.OraclePreparedStatement.executeInternal(OraclePreparedStatement.java:3316)
	at oracle.jdbc.driver.OraclePreparedStatement.execute(OraclePreparedStatement.java:3422)
	at com.alibaba.druid.filter.FilterChainImpl.preparedStatement_execute(FilterChainImpl.java:2929)
	at com.alibaba.druid.filter.FilterEventAdapter.preparedStatement_execute(FilterEventAdapter.java:440)
	at com.alibaba.druid.filter.FilterChainImpl.preparedStatement_execute(FilterChainImpl.java:2927)
	at com.alibaba.druid.filter.FilterEventAdapter.preparedStatement_execute(FilterEventAdapter.java:440)
	at com.alibaba.druid.filter.FilterChainImpl.preparedStatement_execute(FilterChainImpl.java:2927)
	at com.alibaba.druid.proxy.jdbc.PreparedStatementProxyImpl.execute(PreparedStatementProxyImpl.java:118)
	at com.alibaba.druid.pool.DruidPooledPreparedStatement.execute(DruidPooledPreparedStatement.java:493)
	at sun.reflect.NativeMethodAccessorImpl.invoke0(Native Method)
	at sun.reflect.NativeMethodAccessorImpl.invoke(NativeMethodAccessorImpl.java:62)
	at sun.reflect.DelegatingMethodAccessorImpl.invoke(DelegatingMethodAccessorImpl.java:43)
	at java.lang.reflect.Method.invoke(Method.java:498)
	at org.apache.ibatis.logging.jdbc.PreparedStatementLogger.invoke(PreparedStatementLogger.java:55)
	at com.sun.proxy.$Proxy22.execute(Unknown Source)
	at org.apache.ibatis.executor.statement.PreparedStatementHandler.update(PreparedStatementHandler.java:41)
	at org.apache.ibatis.executor.statement.RoutingStatementHandler.update(RoutingStatementHandler.java:66)
	at org.apache.ibatis.executor.SimpleExecutor.doUpdate(SimpleExecutor.java:45)
	at org.apache.ibatis.executor.BaseExecutor.update(BaseExecutor.java:100)
	at org.apache.ibatis.session.defaults.DefaultSqlSession.update(DefaultSqlSession.java:148)
	at org.apache.ibatis.session.defaults.DefaultSqlSession.insert(DefaultSqlSession.java:137)
	at sun.reflect.NativeMethodAccessorImpl.invoke0(Native Method)
	at sun.reflect.NativeMethodAccessorImpl.invoke(NativeMethodAccessorImpl.java:62)
	at sun.reflect.DelegatingMethodAccessorImpl.invoke(DelegatingMethodAccessorImpl.java:43)
	at java.lang.reflect.Method.invoke(Method.java:498)
	at org.mybatis.spring.SqlSessionTemplate$SqlSessionInterceptor.invoke(SqlSessionTemplate.java:354)
	at com.sun.proxy.$Proxy15.insert(Unknown Source)
	at org.mybatis.spring.SqlSessionTemplate.insert(SqlSessionTemplate.java:236)
	at org.apache.ibatis.binding.MapperMethod.execute(MapperMethod.java:46)
	at org.apache.ibatis.binding.MapperProxy.invoke(MapperProxy.java:43)
	at com.sun.proxy.$Proxy19.Vsave(Unknown Source)
	at com.service.impl.VBuyServiceImpl.Vsave(VBuyServiceImpl.java:45)
	at sun.reflect.NativeMethodAccessorImpl.invoke0(Native Method)
	at sun.reflect.NativeMethodAccessorImpl.invoke(NativeMethodAccessorImpl.java:62)
	at sun.reflect.DelegatingMethodAccessorImpl.invoke(DelegatingMethodAccessorImpl.java:43)
	at java.lang.reflect.Method.invoke(Method.java:498)
	at org.springframework.aop.support.AopUtils.invokeJoinpointUsingReflection(AopUtils.java:333)
	at org.springframework.aop.framework.ReflectiveMethodInvocation.invokeJoinpoint(ReflectiveMethodInvocation.java:190)
	at org.springframework.aop.framework.ReflectiveMethodInvocation.proceed(ReflectiveMethodInvocation.java:157)
	at org.springframework.transaction.interceptor.TransactionInterceptor$1.proceedWithInvocation(TransactionInterceptor.java:99)
	at org.springframework.transaction.interceptor.TransactionAspectSupport.invokeWithinTransaction(TransactionAspectSupport.java:281)
	at org.springframework.transaction.interceptor.TransactionInterceptor.invoke(TransactionInterceptor.java:96)
	at org.springframework.aop.framework.ReflectiveMethodInvocation.proceed(ReflectiveMethodInvocation.java:179)
	at org.springframework.aop.framework.JdkDynamicAopProxy.invoke(JdkDynamicAopProxy.java:213)
	at com.sun.proxy.$Proxy20.Vsave(Unknown Source)
	at test.Test.VbuySave(Test.java:40)
	at test.Test.main(Test.java:47)
2018-11-27 09:53:30[ERROR](DruidDataSource.java:805) invalid oracle validationQuery. select 1, may should be : select 1 FROM DUAL
2018-11-27 09:53:31[ERROR](Log4jFilter.java:152) {conn-10005, pstmt-20000} execute error. insert into vbuy (id,grade,zid) values (seq_Vbuy,?,?)
java.sql.SQLException: ORA-00984: 列在此处不允许

	at oracle.jdbc.driver.DatabaseError.throwSqlException(DatabaseError.java:112)
	at oracle.jdbc.driver.T4CTTIoer.processError(T4CTTIoer.java:331)
	at oracle.jdbc.driver.T4CTTIoer.processError(T4CTTIoer.java:288)
	at oracle.jdbc.driver.T4C8Oall.receive(T4C8Oall.java:743)
	at oracle.jdbc.driver.T4CPreparedStatement.doOall8(T4CPreparedStatement.java:216)
	at oracle.jdbc.driver.T4CPreparedStatement.executeForRows(T4CPreparedStatement.java:955)
	at oracle.jdbc.driver.OracleStatement.doExecuteWithTimeout(OracleStatement.java:1168)
	at oracle.jdbc.driver.OraclePreparedStatement.executeInternal(OraclePreparedStatement.java:3316)
	at oracle.jdbc.driver.OraclePreparedStatement.execute(OraclePreparedStatement.java:3422)
	at com.alibaba.druid.filter.FilterChainImpl.preparedStatement_execute(FilterChainImpl.java:2929)
	at com.alibaba.druid.filter.FilterEventAdapter.preparedStatement_execute(FilterEventAdapter.java:440)
	at com.alibaba.druid.filter.FilterChainImpl.preparedStatement_execute(FilterChainImpl.java:2927)
	at com.alibaba.druid.filter.FilterEventAdapter.preparedStatement_execute(FilterEventAdapter.java:440)
	at com.alibaba.druid.filter.FilterChainImpl.preparedStatement_execute(FilterChainImpl.java:2927)
	at com.alibaba.druid.proxy.jdbc.PreparedStatementProxyImpl.execute(PreparedStatementProxyImpl.java:118)
	at com.alibaba.druid.pool.DruidPooledPreparedStatement.execute(DruidPooledPreparedStatement.java:493)
	at sun.reflect.NativeMethodAccessorImpl.invoke0(Native Method)
	at sun.reflect.NativeMethodAccessorImpl.invoke(NativeMethodAccessorImpl.java:62)
	at sun.reflect.DelegatingMethodAccessorImpl.invoke(DelegatingMethodAccessorImpl.java:43)
	at java.lang.reflect.Method.invoke(Method.java:498)
	at org.apache.ibatis.logging.jdbc.PreparedStatementLogger.invoke(PreparedStatementLogger.java:55)
	at com.sun.proxy.$Proxy22.execute(Unknown Source)
	at org.apache.ibatis.executor.statement.PreparedStatementHandler.update(PreparedStatementHandler.java:41)
	at org.apache.ibatis.executor.statement.RoutingStatementHandler.update(RoutingStatementHandler.java:66)
	at org.apache.ibatis.executor.SimpleExecutor.doUpdate(SimpleExecutor.java:45)
	at org.apache.ibatis.executor.BaseExecutor.update(BaseExecutor.java:100)
	at org.apache.ibatis.session.defaults.DefaultSqlSession.update(DefaultSqlSession.java:148)
	at org.apache.ibatis.session.defaults.DefaultSqlSession.insert(DefaultSqlSession.java:137)
	at sun.reflect.NativeMethodAccessorImpl.invoke0(Native Method)
	at sun.reflect.NativeMethodAccessorImpl.invoke(NativeMethodAccessorImpl.java:62)
	at sun.reflect.DelegatingMethodAccessorImpl.invoke(DelegatingMethodAccessorImpl.java:43)
	at java.lang.reflect.Method.invoke(Method.java:498)
	at org.mybatis.spring.SqlSessionTemplate$SqlSessionInterceptor.invoke(SqlSessionTemplate.java:354)
	at com.sun.proxy.$Proxy15.insert(Unknown Source)
	at org.mybatis.spring.SqlSessionTemplate.insert(SqlSessionTemplate.java:236)
	at org.apache.ibatis.binding.MapperMethod.execute(MapperMethod.java:46)
	at org.apache.ibatis.binding.MapperProxy.invoke(MapperProxy.java:43)
	at com.sun.proxy.$Proxy19.Vsave(Unknown Source)
	at com.service.impl.VBuyServiceImpl.Vsave(VBuyServiceImpl.java:45)
	at sun.reflect.NativeMethodAccessorImpl.invoke0(Native Method)
	at sun.reflect.NativeMethodAccessorImpl.invoke(NativeMethodAccessorImpl.java:62)
	at sun.reflect.DelegatingMethodAccessorImpl.invoke(DelegatingMethodAccessorImpl.java:43)
	at java.lang.reflect.Method.invoke(Method.java:498)
	at org.springframework.aop.support.AopUtils.invokeJoinpointUsingReflection(AopUtils.java:333)
	at org.springframework.aop.framework.ReflectiveMethodInvocation.invokeJoinpoint(ReflectiveMethodInvocation.java:190)
	at org.springframework.aop.framework.ReflectiveMethodInvocation.proceed(ReflectiveMethodInvocation.java:157)
	at org.springframework.transaction.interceptor.TransactionInterceptor$1.proceedWithInvocation(TransactionInterceptor.java:99)
	at org.springframework.transaction.interceptor.TransactionAspectSupport.invokeWithinTransaction(TransactionAspectSupport.java:281)
	at org.springframework.transaction.interceptor.TransactionInterceptor.invoke(TransactionInterceptor.java:96)
	at org.springframework.aop.framework.ReflectiveMethodInvocation.proceed(ReflectiveMethodInvocation.java:179)
	at org.springframework.aop.framework.JdkDynamicAopProxy.invoke(JdkDynamicAopProxy.java:213)
	at com.sun.proxy.$Proxy20.Vsave(Unknown Source)
	at test.Test.VbuySave(Test.java:40)
	at test.Test.main(Test.java:47)
2018-11-27 09:54:47[ERROR](DruidDataSource.java:805) invalid oracle validationQuery. select 1, may should be : select 1 FROM DUAL
2018-11-27 11:02:29[ERROR](DruidDataSource.java:805) invalid oracle validationQuery. select 1, may should be : select 1 FROM DUAL
2018-11-27 11:48:02[ERROR](DruidDataSource.java:805) invalid oracle validationQuery. select 1, may should be : select 1 FROM DUAL
2018-11-27 11:48:32[ERROR](DruidDataSource.java:805) invalid oracle validationQuery. select 1, may should be : select 1 FROM DUAL
2018-11-27 11:48:33[ERROR](Log4jFilter.java:152) {conn-10005, pstmt-20000} execute error. select v.id,grade,state from 
				(select v.*,z.*,rownum rownum_ from vbuy v left join 
				zhuangtai z on v.zid = z.zid where rownum <= ? * ?)
				where rownum_ > (? -  1) * ?
java.sql.SQLException: ORA-06553: PLS-306: 调用 'V' 时参数个数或类型错误

	at oracle.jdbc.driver.DatabaseError.throwSqlException(DatabaseError.java:112)
	at oracle.jdbc.driver.T4CTTIoer.processError(T4CTTIoer.java:331)
	at oracle.jdbc.driver.T4CTTIoer.processError(T4CTTIoer.java:288)
	at oracle.jdbc.driver.T4C8Oall.receive(T4C8Oall.java:743)
	at oracle.jdbc.driver.T4CPreparedStatement.doOall8(T4CPreparedStatement.java:216)
	at oracle.jdbc.driver.T4CPreparedStatement.executeForDescribe(T4CPreparedStatement.java:799)
	at oracle.jdbc.driver.OracleStatement.executeMaybeDescribe(OracleStatement.java:1037)
	at oracle.jdbc.driver.T4CPreparedStatement.executeMaybeDescribe(T4CPreparedStatement.java:839)
	at oracle.jdbc.driver.OracleStatement.doExecuteWithTimeout(OracleStatement.java:1132)
	at oracle.jdbc.driver.OraclePreparedStatement.executeInternal(OraclePreparedStatement.java:3316)
	at oracle.jdbc.driver.OraclePreparedStatement.execute(OraclePreparedStatement.java:3422)
	at com.alibaba.druid.filter.FilterChainImpl.preparedStatement_execute(FilterChainImpl.java:2929)
	at com.alibaba.druid.filter.FilterEventAdapter.preparedStatement_execute(FilterEventAdapter.java:440)
	at com.alibaba.druid.filter.FilterChainImpl.preparedStatement_execute(FilterChainImpl.java:2927)
	at com.alibaba.druid.filter.FilterEventAdapter.preparedStatement_execute(FilterEventAdapter.java:440)
	at com.alibaba.druid.filter.FilterChainImpl.preparedStatement_execute(FilterChainImpl.java:2927)
	at com.alibaba.druid.proxy.jdbc.PreparedStatementProxyImpl.execute(PreparedStatementProxyImpl.java:118)
	at com.alibaba.druid.pool.DruidPooledPreparedStatement.execute(DruidPooledPreparedStatement.java:493)
	at sun.reflect.NativeMethodAccessorImpl.invoke0(Native Method)
	at sun.reflect.NativeMethodAccessorImpl.invoke(NativeMethodAccessorImpl.java:62)
	at sun.reflect.DelegatingMethodAccessorImpl.invoke(DelegatingMethodAccessorImpl.java:43)
	at java.lang.reflect.Method.invoke(Method.java:498)
	at org.apache.ibatis.logging.jdbc.PreparedStatementLogger.invoke(PreparedStatementLogger.java:55)
	at com.sun.proxy.$Proxy23.execute(Unknown Source)
	at org.apache.ibatis.executor.statement.PreparedStatementHandler.query(PreparedStatementHandler.java:56)
	at org.apache.ibatis.executor.statement.RoutingStatementHandler.query(RoutingStatementHandler.java:70)
	at org.apache.ibatis.executor.SimpleExecutor.doQuery(SimpleExecutor.java:57)
	at org.apache.ibatis.executor.BaseExecutor.queryFromDatabase(BaseExecutor.java:259)
	at org.apache.ibatis.executor.BaseExecutor.query(BaseExecutor.java:132)
	at org.apache.ibatis.executor.BaseExecutor.query(BaseExecutor.java:115)
	at org.apache.ibatis.session.defaults.DefaultSqlSession.selectList(DefaultSqlSession.java:104)
	at org.apache.ibatis.session.defaults.DefaultSqlSession.selectList(DefaultSqlSession.java:98)
	at sun.reflect.NativeMethodAccessorImpl.invoke0(Native Method)
	at sun.reflect.NativeMethodAccessorImpl.invoke(NativeMethodAccessorImpl.java:62)
	at sun.reflect.DelegatingMethodAccessorImpl.invoke(DelegatingMethodAccessorImpl.java:43)
	at java.lang.reflect.Method.invoke(Method.java:498)
	at org.mybatis.spring.SqlSessionTemplate$SqlSessionInterceptor.invoke(SqlSessionTemplate.java:354)
	at com.sun.proxy.$Proxy15.selectList(Unknown Source)
	at org.mybatis.spring.SqlSessionTemplate.selectList(SqlSessionTemplate.java:194)
	at org.apache.ibatis.binding.MapperMethod.executeForMany(MapperMethod.java:114)
	at org.apache.ibatis.binding.MapperMethod.execute(MapperMethod.java:58)
	at org.apache.ibatis.binding.MapperProxy.invoke(MapperProxy.java:43)
	at com.sun.proxy.$Proxy19.getAllVbuy(Unknown Source)
	at com.service.impl.VBuyServiceImpl.getAllVbuy(VBuyServiceImpl.java:39)
	at sun.reflect.NativeMethodAccessorImpl.invoke0(Native Method)
	at sun.reflect.NativeMethodAccessorImpl.invoke(NativeMethodAccessorImpl.java:62)
	at sun.reflect.DelegatingMethodAccessorImpl.invoke(DelegatingMethodAccessorImpl.java:43)
	at java.lang.reflect.Method.invoke(Method.java:498)
	at org.springframework.aop.support.AopUtils.invokeJoinpointUsingReflection(AopUtils.java:333)
	at org.springframework.aop.framework.ReflectiveMethodInvocation.invokeJoinpoint(ReflectiveMethodInvocation.java:190)
	at org.springframework.aop.framework.ReflectiveMethodInvocation.proceed(ReflectiveMethodInvocation.java:157)
	at org.springframework.transaction.interceptor.TransactionInterceptor$1.proceedWithInvocation(TransactionInterceptor.java:99)
	at org.springframework.transaction.interceptor.TransactionAspectSupport.invokeWithinTransaction(TransactionAspectSupport.java:281)
	at org.springframework.transaction.interceptor.TransactionInterceptor.invoke(TransactionInterceptor.java:96)
	at org.springframework.aop.framework.ReflectiveMethodInvocation.proceed(ReflectiveMethodInvocation.java:179)
	at org.springframework.aop.framework.JdkDynamicAopProxy.invoke(JdkDynamicAopProxy.java:213)
	at com.sun.proxy.$Proxy20.getAllVbuy(Unknown Source)
	at test.Test.getAllVBuy(Test.java:27)
	at test.Test.main(Test.java:56)
2018-11-27 11:49:29[ERROR](DruidDataSource.java:805) invalid oracle validationQuery. select 1, may should be : select 1 FROM DUAL
2018-11-28 12:03:51[ERROR](DruidDataSource.java:805) invalid oracle validationQuery. select 1, may should be : select 1 FROM DUAL
2018-11-28 12:04:49[ERROR](DruidDataSource.java:805) invalid oracle validationQuery. select 1, may should be : select 1 FROM DUAL
2018-11-28 12:07:06[ERROR](DruidDataSource.java:805) invalid oracle validationQuery. select 1, may should be : select 1 FROM DUAL
2018-11-28 12:11:27[ERROR](DruidDataSource.java:805) invalid oracle validationQuery. select 1, may should be : select 1 FROM DUAL
2018-11-28 12:11:28[ERROR](Log4jFilter.java:152) {conn-10005, pstmt-20000} execute error. select id,name,telephone,grade,state,birthday from
				(select u.id,u.name,u.telephone,u.birthday,v.grade,z.state,rownum rownum_ from users u right join vbuy v on u.vid = v.id left join zhuangtai z on u.zid = z.zid
				where rownum <= 2 * 2 where rownum_ > (2 -  1) *2
java.sql.SQLException: ORA-00907: 缺失右括号

	at oracle.jdbc.driver.DatabaseError.throwSqlException(DatabaseError.java:112)
	at oracle.jdbc.driver.T4CTTIoer.processError(T4CTTIoer.java:331)
	at oracle.jdbc.driver.T4CTTIoer.processError(T4CTTIoer.java:288)
	at oracle.jdbc.driver.T4C8Oall.receive(T4C8Oall.java:743)
	at oracle.jdbc.driver.T4CPreparedStatement.doOall8(T4CPreparedStatement.java:216)
	at oracle.jdbc.driver.T4CPreparedStatement.executeForDescribe(T4CPreparedStatement.java:799)
	at oracle.jdbc.driver.OracleStatement.executeMaybeDescribe(OracleStatement.java:1037)
	at oracle.jdbc.driver.T4CPreparedStatement.executeMaybeDescribe(T4CPreparedStatement.java:839)
	at oracle.jdbc.driver.OracleStatement.doExecuteWithTimeout(OracleStatement.java:1132)
	at oracle.jdbc.driver.OraclePreparedStatement.executeInternal(OraclePreparedStatement.java:3316)
	at oracle.jdbc.driver.OraclePreparedStatement.execute(OraclePreparedStatement.java:3422)
	at com.alibaba.druid.filter.FilterChainImpl.preparedStatement_execute(FilterChainImpl.java:2929)
	at com.alibaba.druid.filter.FilterEventAdapter.preparedStatement_execute(FilterEventAdapter.java:440)
	at com.alibaba.druid.filter.FilterChainImpl.preparedStatement_execute(FilterChainImpl.java:2927)
	at com.alibaba.druid.filter.FilterEventAdapter.preparedStatement_execute(FilterEventAdapter.java:440)
	at com.alibaba.druid.filter.FilterChainImpl.preparedStatement_execute(FilterChainImpl.java:2927)
	at com.alibaba.druid.proxy.jdbc.PreparedStatementProxyImpl.execute(PreparedStatementProxyImpl.java:118)
	at com.alibaba.druid.pool.DruidPooledPreparedStatement.execute(DruidPooledPreparedStatement.java:493)
	at sun.reflect.NativeMethodAccessorImpl.invoke0(Native Method)
	at sun.reflect.NativeMethodAccessorImpl.invoke(Unknown Source)
	at sun.reflect.DelegatingMethodAccessorImpl.invoke(Unknown Source)
	at java.lang.reflect.Method.invoke(Unknown Source)
	at org.apache.ibatis.logging.jdbc.PreparedStatementLogger.invoke(PreparedStatementLogger.java:55)
	at com.sun.proxy.$Proxy22.execute(Unknown Source)
	at org.apache.ibatis.executor.statement.PreparedStatementHandler.query(PreparedStatementHandler.java:56)
	at org.apache.ibatis.executor.statement.RoutingStatementHandler.query(RoutingStatementHandler.java:70)
	at org.apache.ibatis.executor.SimpleExecutor.doQuery(SimpleExecutor.java:57)
	at org.apache.ibatis.executor.BaseExecutor.queryFromDatabase(BaseExecutor.java:259)
	at org.apache.ibatis.executor.BaseExecutor.query(BaseExecutor.java:132)
	at org.apache.ibatis.executor.BaseExecutor.query(BaseExecutor.java:115)
	at org.apache.ibatis.session.defaults.DefaultSqlSession.selectList(DefaultSqlSession.java:104)
	at org.apache.ibatis.session.defaults.DefaultSqlSession.selectList(DefaultSqlSession.java:98)
	at sun.reflect.NativeMethodAccessorImpl.invoke0(Native Method)
	at sun.reflect.NativeMethodAccessorImpl.invoke(Unknown Source)
	at sun.reflect.DelegatingMethodAccessorImpl.invoke(Unknown Source)
	at java.lang.reflect.Method.invoke(Unknown Source)
	at org.mybatis.spring.SqlSessionTemplate$SqlSessionInterceptor.invoke(SqlSessionTemplate.java:354)
	at com.sun.proxy.$Proxy12.selectList(Unknown Source)
	at org.mybatis.spring.SqlSessionTemplate.selectList(SqlSessionTemplate.java:194)
	at org.apache.ibatis.binding.MapperMethod.executeForMany(MapperMethod.java:114)
	at org.apache.ibatis.binding.MapperMethod.execute(MapperMethod.java:58)
	at org.apache.ibatis.binding.MapperProxy.invoke(MapperProxy.java:43)
	at com.sun.proxy.$Proxy16.getUsers(Unknown Source)
	at com.service.impl.UsersServiceImpl.getUsers(UsersServiceImpl.java:32)
	at sun.reflect.NativeMethodAccessorImpl.invoke0(Native Method)
	at sun.reflect.NativeMethodAccessorImpl.invoke(Unknown Source)
	at sun.reflect.DelegatingMethodAccessorImpl.invoke(Unknown Source)
	at java.lang.reflect.Method.invoke(Unknown Source)
	at org.springframework.aop.support.AopUtils.invokeJoinpointUsingReflection(AopUtils.java:333)
	at org.springframework.aop.framework.ReflectiveMethodInvocation.invokeJoinpoint(ReflectiveMethodInvocation.java:190)
	at org.springframework.aop.framework.ReflectiveMethodInvocation.proceed(ReflectiveMethodInvocation.java:157)
	at org.springframework.transaction.interceptor.TransactionInterceptor$1.proceedWithInvocation(TransactionInterceptor.java:99)
	at org.springframework.transaction.interceptor.TransactionAspectSupport.invokeWithinTransaction(TransactionAspectSupport.java:281)
	at org.springframework.transaction.interceptor.TransactionInterceptor.invoke(TransactionInterceptor.java:96)
	at org.springframework.aop.framework.ReflectiveMethodInvocation.proceed(ReflectiveMethodInvocation.java:179)
	at org.springframework.aop.framework.JdkDynamicAopProxy.invoke(JdkDynamicAopProxy.java:213)
	at com.sun.proxy.$Proxy18.getUsers(Unknown Source)
	at com.service.impl.UsersServiceImpl.main(UsersServiceImpl.java:67)
2018-11-28 12:13:14[ERROR](DruidDataSource.java:805) invalid oracle validationQuery. select 1, may should be : select 1 FROM DUAL
2018-11-28 12:38:47[ERROR](DruidDataSource.java:805) invalid oracle validationQuery. select 1, may should be : select 1 FROM DUAL
2018-11-28 12:39:18[ERROR](DruidDataSource.java:805) invalid oracle validationQuery. select 1, may should be : select 1 FROM DUAL
2018-11-28 12:39:19[ERROR](Log4jFilter.java:152) {conn-10005, pstmt-20000} execute error. select id,name,telephone,grade,state,birthday from
				(select u.id,u.name,u.telephone,u.birthday,v.grade,z.state,rownum rownum_ from users u right join vbuy v on u.vid = v.id left join zhuangtai z on u.zid = z.zid
				where rownum <=(? * ?)where rownum_ > (? -  1) * ?
java.sql.SQLException: ORA-00907: 缺失右括号

	at oracle.jdbc.driver.DatabaseError.throwSqlException(DatabaseError.java:112)
	at oracle.jdbc.driver.T4CTTIoer.processError(T4CTTIoer.java:331)
	at oracle.jdbc.driver.T4CTTIoer.processError(T4CTTIoer.java:288)
	at oracle.jdbc.driver.T4C8Oall.receive(T4C8Oall.java:743)
	at oracle.jdbc.driver.T4CPreparedStatement.doOall8(T4CPreparedStatement.java:216)
	at oracle.jdbc.driver.T4CPreparedStatement.executeForDescribe(T4CPreparedStatement.java:799)
	at oracle.jdbc.driver.OracleStatement.executeMaybeDescribe(OracleStatement.java:1037)
	at oracle.jdbc.driver.T4CPreparedStatement.executeMaybeDescribe(T4CPreparedStatement.java:839)
	at oracle.jdbc.driver.OracleStatement.doExecuteWithTimeout(OracleStatement.java:1132)
	at oracle.jdbc.driver.OraclePreparedStatement.executeInternal(OraclePreparedStatement.java:3316)
	at oracle.jdbc.driver.OraclePreparedStatement.execute(OraclePreparedStatement.java:3422)
	at com.alibaba.druid.filter.FilterChainImpl.preparedStatement_execute(FilterChainImpl.java:2929)
	at com.alibaba.druid.filter.FilterEventAdapter.preparedStatement_execute(FilterEventAdapter.java:440)
	at com.alibaba.druid.filter.FilterChainImpl.preparedStatement_execute(FilterChainImpl.java:2927)
	at com.alibaba.druid.filter.FilterEventAdapter.preparedStatement_execute(FilterEventAdapter.java:440)
	at com.alibaba.druid.filter.FilterChainImpl.preparedStatement_execute(FilterChainImpl.java:2927)
	at com.alibaba.druid.proxy.jdbc.PreparedStatementProxyImpl.execute(PreparedStatementProxyImpl.java:118)
	at com.alibaba.druid.pool.DruidPooledPreparedStatement.execute(DruidPooledPreparedStatement.java:493)
	at sun.reflect.NativeMethodAccessorImpl.invoke0(Native Method)
	at sun.reflect.NativeMethodAccessorImpl.invoke(Unknown Source)
	at sun.reflect.DelegatingMethodAccessorImpl.invoke(Unknown Source)
	at java.lang.reflect.Method.invoke(Unknown Source)
	at org.apache.ibatis.logging.jdbc.PreparedStatementLogger.invoke(PreparedStatementLogger.java:55)
	at com.sun.proxy.$Proxy23.execute(Unknown Source)
	at org.apache.ibatis.executor.statement.PreparedStatementHandler.query(PreparedStatementHandler.java:56)
	at org.apache.ibatis.executor.statement.RoutingStatementHandler.query(RoutingStatementHandler.java:70)
	at org.apache.ibatis.executor.SimpleExecutor.doQuery(SimpleExecutor.java:57)
	at org.apache.ibatis.executor.BaseExecutor.queryFromDatabase(BaseExecutor.java:259)
	at org.apache.ibatis.executor.BaseExecutor.query(BaseExecutor.java:132)
	at org.apache.ibatis.executor.BaseExecutor.query(BaseExecutor.java:115)
	at org.apache.ibatis.session.defaults.DefaultSqlSession.selectList(DefaultSqlSession.java:104)
	at org.apache.ibatis.session.defaults.DefaultSqlSession.selectList(DefaultSqlSession.java:98)
	at sun.reflect.NativeMethodAccessorImpl.invoke0(Native Method)
	at sun.reflect.NativeMethodAccessorImpl.invoke(Unknown Source)
	at sun.reflect.DelegatingMethodAccessorImpl.invoke(Unknown Source)
	at java.lang.reflect.Method.invoke(Unknown Source)
	at org.mybatis.spring.SqlSessionTemplate$SqlSessionInterceptor.invoke(SqlSessionTemplate.java:354)
	at com.sun.proxy.$Proxy12.selectList(Unknown Source)
	at org.mybatis.spring.SqlSessionTemplate.selectList(SqlSessionTemplate.java:194)
	at org.apache.ibatis.binding.MapperMethod.executeForMany(MapperMethod.java:114)
	at org.apache.ibatis.binding.MapperMethod.execute(MapperMethod.java:58)
	at org.apache.ibatis.binding.MapperProxy.invoke(MapperProxy.java:43)
	at com.sun.proxy.$Proxy16.getUsers(Unknown Source)
	at com.service.impl.UsersServiceImpl.getUsers(UsersServiceImpl.java:32)
	at sun.reflect.NativeMethodAccessorImpl.invoke0(Native Method)
	at sun.reflect.NativeMethodAccessorImpl.invoke(Unknown Source)
	at sun.reflect.DelegatingMethodAccessorImpl.invoke(Unknown Source)
	at java.lang.reflect.Method.invoke(Unknown Source)
	at org.springframework.aop.support.AopUtils.invokeJoinpointUsingReflection(AopUtils.java:333)
	at org.springframework.aop.framework.ReflectiveMethodInvocation.invokeJoinpoint(ReflectiveMethodInvocation.java:190)
	at org.springframework.aop.framework.ReflectiveMethodInvocation.proceed(ReflectiveMethodInvocation.java:157)
	at org.springframework.transaction.interceptor.TransactionInterceptor$1.proceedWithInvocation(TransactionInterceptor.java:99)
	at org.springframework.transaction.interceptor.TransactionAspectSupport.invokeWithinTransaction(TransactionAspectSupport.java:281)
	at org.springframework.transaction.interceptor.TransactionInterceptor.invoke(TransactionInterceptor.java:96)
	at org.springframework.aop.framework.ReflectiveMethodInvocation.proceed(ReflectiveMethodInvocation.java:179)
	at org.springframework.aop.framework.JdkDynamicAopProxy.invoke(JdkDynamicAopProxy.java:213)
	at com.sun.proxy.$Proxy18.getUsers(Unknown Source)
	at com.service.impl.UsersServiceImpl.main(UsersServiceImpl.java:67)
2018-11-28 12:42:49[ERROR](DruidDataSource.java:805) invalid oracle validationQuery. select 1, may should be : select 1 FROM DUAL
2018-11-28 12:54:16[ERROR](DruidDataSource.java:805) invalid oracle validationQuery. select 1, may should be : select 1 FROM DUAL
2018-11-28 13:00:00[ERROR](DruidDataSource.java:805) invalid oracle validationQuery. select 1, may should be : select 1 FROM DUAL
2018-11-28 13:03:50[ERROR](DruidDataSource.java:805) invalid oracle validationQuery. select 1, may should be : select 1 FROM DUAL
2018-11-28 13:08:46[ERROR](DruidDataSource.java:805) invalid oracle validationQuery. select 1, may should be : select 1 FROM DUAL
2018-11-28 13:10:55[ERROR](DruidDataSource.java:805) invalid oracle validationQuery. select 1, may should be : select 1 FROM DUAL
2018-11-28 13:14:07[ERROR](DruidDataSource.java:805) invalid oracle validationQuery. select 1, may should be : select 1 FROM DUAL
2018-11-28 13:15:37[ERROR](DruidDataSource.java:805) invalid oracle validationQuery. select 1, may should be : select 1 FROM DUAL
2018-11-28 13:20:37[ERROR](DruidDataSource.java:805) invalid oracle validationQuery. select 1, may should be : select 1 FROM DUAL
2018-11-28 13:23:19[ERROR](DruidDataSource.java:805) invalid oracle validationQuery. select 1, may should be : select 1 FROM DUAL
2018-11-28 13:24:26[ERROR](DruidDataSource.java:805) invalid oracle validationQuery. select 1, may should be : select 1 FROM DUAL
2018-11-28 13:30:45[ERROR](DruidDataSource.java:805) invalid oracle validationQuery. select 1, may should be : select 1 FROM DUAL
2018-11-28 13:43:07[ERROR](DruidDataSource.java:805) invalid oracle validationQuery. select 1, may should be : select 1 FROM DUAL
2018-11-28 13:46:16[ERROR](DruidDataSource.java:805) invalid oracle validationQuery. select 1, may should be : select 1 FROM DUAL
2018-11-28 13:47:36[ERROR](DruidDataSource.java:805) invalid oracle validationQuery. select 1, may should be : select 1 FROM DUAL
2018-11-28 13:49:01[ERROR](DruidDataSource.java:805) invalid oracle validationQuery. select 1, may should be : select 1 FROM DUAL
2018-11-28 13:51:59[ERROR](DruidDataSource.java:805) invalid oracle validationQuery. select 1, may should be : select 1 FROM DUAL
2018-11-28 13:55:11[ERROR](DruidDataSource.java:805) invalid oracle validationQuery. select 1, may should be : select 1 FROM DUAL
2018-11-28 13:55:59[ERROR](DruidDataSource.java:805) invalid oracle validationQuery. select 1, may should be : select 1 FROM DUAL
2018-11-28 13:57:46[ERROR](DruidDataSource.java:805) invalid oracle validationQuery. select 1, may should be : select 1 FROM DUAL
2018-11-28 13:58:59[ERROR](DruidDataSource.java:805) invalid oracle validationQuery. select 1, may should be : select 1 FROM DUAL
2018-11-28 13:59:23[ERROR](DruidDataSource.java:805) invalid oracle validationQuery. select 1, may should be : select 1 FROM DUAL
2018-11-28 14:03:47[ERROR](DruidDataSource.java:805) invalid oracle validationQuery. select 1, may should be : select 1 FROM DUAL
2018-11-28 14:06:10[ERROR](DruidDataSource.java:805) invalid oracle validationQuery. select 1, may should be : select 1 FROM DUAL
2018-11-28 14:08:13[ERROR](DruidDataSource.java:805) invalid oracle validationQuery. select 1, may should be : select 1 FROM DUAL
2018-11-28 14:09:13[ERROR](DruidDataSource.java:805) invalid oracle validationQuery. select 1, may should be : select 1 FROM DUAL
2018-11-28 14:10:00[ERROR](DruidDataSource.java:805) invalid oracle validationQuery. select 1, may should be : select 1 FROM DUAL
2018-11-28 14:12:04[ERROR](DruidDataSource.java:805) invalid oracle validationQuery. select 1, may should be : select 1 FROM DUAL
2018-11-28 14:14:23[ERROR](DruidDataSource.java:805) invalid oracle validationQuery. select 1, may should be : select 1 FROM DUAL
2018-11-28 14:19:01[ERROR](DruidDataSource.java:805) invalid oracle validationQuery. select 1, may should be : select 1 FROM DUAL
2018-11-28 14:22:26[ERROR](DruidDataSource.java:805) invalid oracle validationQuery. select 1, may should be : select 1 FROM DUAL
2018-11-28 14:22:27[ERROR](Log4jFilter.java:152) {conn-10005, pstmt-20000} execute error. select id,name,u_telephone from users
java.sql.SQLException: ORA-00904: "U_TELEPHONE": 标识符无效

	at oracle.jdbc.driver.DatabaseError.throwSqlException(DatabaseError.java:112)
	at oracle.jdbc.driver.T4CTTIoer.processError(T4CTTIoer.java:331)
	at oracle.jdbc.driver.T4CTTIoer.processError(T4CTTIoer.java:288)
	at oracle.jdbc.driver.T4C8Oall.receive(T4C8Oall.java:743)
	at oracle.jdbc.driver.T4CPreparedStatement.doOall8(T4CPreparedStatement.java:216)
	at oracle.jdbc.driver.T4CPreparedStatement.executeForDescribe(T4CPreparedStatement.java:799)
	at oracle.jdbc.driver.OracleStatement.executeMaybeDescribe(OracleStatement.java:1037)
	at oracle.jdbc.driver.T4CPreparedStatement.executeMaybeDescribe(T4CPreparedStatement.java:839)
	at oracle.jdbc.driver.OracleStatement.doExecuteWithTimeout(OracleStatement.java:1132)
	at oracle.jdbc.driver.OraclePreparedStatement.executeInternal(OraclePreparedStatement.java:3316)
	at oracle.jdbc.driver.OraclePreparedStatement.execute(OraclePreparedStatement.java:3422)
	at com.alibaba.druid.filter.FilterChainImpl.preparedStatement_execute(FilterChainImpl.java:2929)
	at com.alibaba.druid.filter.FilterEventAdapter.preparedStatement_execute(FilterEventAdapter.java:440)
	at com.alibaba.druid.filter.FilterChainImpl.preparedStatement_execute(FilterChainImpl.java:2927)
	at com.alibaba.druid.filter.FilterEventAdapter.preparedStatement_execute(FilterEventAdapter.java:440)
	at com.alibaba.druid.filter.FilterChainImpl.preparedStatement_execute(FilterChainImpl.java:2927)
	at com.alibaba.druid.proxy.jdbc.PreparedStatementProxyImpl.execute(PreparedStatementProxyImpl.java:118)
	at com.alibaba.druid.pool.DruidPooledPreparedStatement.execute(DruidPooledPreparedStatement.java:493)
	at sun.reflect.NativeMethodAccessorImpl.invoke0(Native Method)
	at sun.reflect.NativeMethodAccessorImpl.invoke(Unknown Source)
	at sun.reflect.DelegatingMethodAccessorImpl.invoke(Unknown Source)
	at java.lang.reflect.Method.invoke(Unknown Source)
	at org.apache.ibatis.logging.jdbc.PreparedStatementLogger.invoke(PreparedStatementLogger.java:55)
	at com.sun.proxy.$Proxy22.execute(Unknown Source)
	at org.apache.ibatis.executor.statement.PreparedStatementHandler.query(PreparedStatementHandler.java:56)
	at org.apache.ibatis.executor.statement.RoutingStatementHandler.query(RoutingStatementHandler.java:70)
	at org.apache.ibatis.executor.SimpleExecutor.doQuery(SimpleExecutor.java:57)
	at org.apache.ibatis.executor.BaseExecutor.queryFromDatabase(BaseExecutor.java:259)
	at org.apache.ibatis.executor.BaseExecutor.query(BaseExecutor.java:132)
	at org.apache.ibatis.executor.BaseExecutor.query(BaseExecutor.java:115)
	at org.apache.ibatis.session.defaults.DefaultSqlSession.selectList(DefaultSqlSession.java:104)
	at org.apache.ibatis.session.defaults.DefaultSqlSession.selectList(DefaultSqlSession.java:98)
	at sun.reflect.NativeMethodAccessorImpl.invoke0(Native Method)
	at sun.reflect.NativeMethodAccessorImpl.invoke(Unknown Source)
	at sun.reflect.DelegatingMethodAccessorImpl.invoke(Unknown Source)
	at java.lang.reflect.Method.invoke(Unknown Source)
	at org.mybatis.spring.SqlSessionTemplate$SqlSessionInterceptor.invoke(SqlSessionTemplate.java:354)
	at com.sun.proxy.$Proxy12.selectList(Unknown Source)
	at org.mybatis.spring.SqlSessionTemplate.selectList(SqlSessionTemplate.java:194)
	at org.apache.ibatis.binding.MapperMethod.executeForMany(MapperMethod.java:114)
	at org.apache.ibatis.binding.MapperMethod.execute(MapperMethod.java:58)
	at org.apache.ibatis.binding.MapperProxy.invoke(MapperProxy.java:43)
	at com.sun.proxy.$Proxy16.getUsers(Unknown Source)
	at com.service.impl.UsersServiceImpl.getUsers(UsersServiceImpl.java:35)
	at sun.reflect.NativeMethodAccessorImpl.invoke0(Native Method)
	at sun.reflect.NativeMethodAccessorImpl.invoke(Unknown Source)
	at sun.reflect.DelegatingMethodAccessorImpl.invoke(Unknown Source)
	at java.lang.reflect.Method.invoke(Unknown Source)
	at org.springframework.aop.support.AopUtils.invokeJoinpointUsingReflection(AopUtils.java:333)
	at org.springframework.aop.framework.ReflectiveMethodInvocation.invokeJoinpoint(ReflectiveMethodInvocation.java:190)
	at org.springframework.aop.framework.ReflectiveMethodInvocation.proceed(ReflectiveMethodInvocation.java:157)
	at org.springframework.transaction.interceptor.TransactionInterceptor$1.proceedWithInvocation(TransactionInterceptor.java:99)
	at org.springframework.transaction.interceptor.TransactionAspectSupport.invokeWithinTransaction(TransactionAspectSupport.java:281)
	at org.springframework.transaction.interceptor.TransactionInterceptor.invoke(TransactionInterceptor.java:96)
	at org.springframework.aop.framework.ReflectiveMethodInvocation.proceed(ReflectiveMethodInvocation.java:179)
	at org.springframework.aop.framework.JdkDynamicAopProxy.invoke(JdkDynamicAopProxy.java:213)
	at com.sun.proxy.$Proxy18.getUsers(Unknown Source)
	at com.service.impl.UsersServiceImpl.main(UsersServiceImpl.java:73)
2018-11-28 14:23:49[ERROR](DruidDataSource.java:805) invalid oracle validationQuery. select 1, may should be : select 1 FROM DUAL
2018-11-28 14:23:50[ERROR](Log4jFilter.java:152) {conn-10005, pstmt-20000} execute error. select id,name,u_telephone from users
java.sql.SQLException: ORA-00904: "U_TELEPHONE": 标识符无效

	at oracle.jdbc.driver.DatabaseError.throwSqlException(DatabaseError.java:112)
	at oracle.jdbc.driver.T4CTTIoer.processError(T4CTTIoer.java:331)
	at oracle.jdbc.driver.T4CTTIoer.processError(T4CTTIoer.java:288)
	at oracle.jdbc.driver.T4C8Oall.receive(T4C8Oall.java:743)
	at oracle.jdbc.driver.T4CPreparedStatement.doOall8(T4CPreparedStatement.java:216)
	at oracle.jdbc.driver.T4CPreparedStatement.executeForDescribe(T4CPreparedStatement.java:799)
	at oracle.jdbc.driver.OracleStatement.executeMaybeDescribe(OracleStatement.java:1037)
	at oracle.jdbc.driver.T4CPreparedStatement.executeMaybeDescribe(T4CPreparedStatement.java:839)
	at oracle.jdbc.driver.OracleStatement.doExecuteWithTimeout(OracleStatement.java:1132)
	at oracle.jdbc.driver.OraclePreparedStatement.executeInternal(OraclePreparedStatement.java:3316)
	at oracle.jdbc.driver.OraclePreparedStatement.execute(OraclePreparedStatement.java:3422)
	at com.alibaba.druid.filter.FilterChainImpl.preparedStatement_execute(FilterChainImpl.java:2929)
	at com.alibaba.druid.filter.FilterEventAdapter.preparedStatement_execute(FilterEventAdapter.java:440)
	at com.alibaba.druid.filter.FilterChainImpl.preparedStatement_execute(FilterChainImpl.java:2927)
	at com.alibaba.druid.filter.FilterEventAdapter.preparedStatement_execute(FilterEventAdapter.java:440)
	at com.alibaba.druid.filter.FilterChainImpl.preparedStatement_execute(FilterChainImpl.java:2927)
	at com.alibaba.druid.proxy.jdbc.PreparedStatementProxyImpl.execute(PreparedStatementProxyImpl.java:118)
	at com.alibaba.druid.pool.DruidPooledPreparedStatement.execute(DruidPooledPreparedStatement.java:493)
	at sun.reflect.NativeMethodAccessorImpl.invoke0(Native Method)
	at sun.reflect.NativeMethodAccessorImpl.invoke(Unknown Source)
	at sun.reflect.DelegatingMethodAccessorImpl.invoke(Unknown Source)
	at java.lang.reflect.Method.invoke(Unknown Source)
	at org.apache.ibatis.logging.jdbc.PreparedStatementLogger.invoke(PreparedStatementLogger.java:55)
	at com.sun.proxy.$Proxy22.execute(Unknown Source)
	at org.apache.ibatis.executor.statement.PreparedStatementHandler.query(PreparedStatementHandler.java:56)
	at org.apache.ibatis.executor.statement.RoutingStatementHandler.query(RoutingStatementHandler.java:70)
	at org.apache.ibatis.executor.SimpleExecutor.doQuery(SimpleExecutor.java:57)
	at org.apache.ibatis.executor.BaseExecutor.queryFromDatabase(BaseExecutor.java:259)
	at org.apache.ibatis.executor.BaseExecutor.query(BaseExecutor.java:132)
	at org.apache.ibatis.executor.BaseExecutor.query(BaseExecutor.java:115)
	at org.apache.ibatis.session.defaults.DefaultSqlSession.selectList(DefaultSqlSession.java:104)
	at org.apache.ibatis.session.defaults.DefaultSqlSession.selectList(DefaultSqlSession.java:98)
	at sun.reflect.NativeMethodAccessorImpl.invoke0(Native Method)
	at sun.reflect.NativeMethodAccessorImpl.invoke(Unknown Source)
	at sun.reflect.DelegatingMethodAccessorImpl.invoke(Unknown Source)
	at java.lang.reflect.Method.invoke(Unknown Source)
	at org.mybatis.spring.SqlSessionTemplate$SqlSessionInterceptor.invoke(SqlSessionTemplate.java:354)
	at com.sun.proxy.$Proxy12.selectList(Unknown Source)
	at org.mybatis.spring.SqlSessionTemplate.selectList(SqlSessionTemplate.java:194)
	at org.apache.ibatis.binding.MapperMethod.executeForMany(MapperMethod.java:114)
	at org.apache.ibatis.binding.MapperMethod.execute(MapperMethod.java:58)
	at org.apache.ibatis.binding.MapperProxy.invoke(MapperProxy.java:43)
	at com.sun.proxy.$Proxy16.getUsers(Unknown Source)
	at com.service.impl.UsersServiceImpl.getUsers(UsersServiceImpl.java:35)
	at sun.reflect.NativeMethodAccessorImpl.invoke0(Native Method)
	at sun.reflect.NativeMethodAccessorImpl.invoke(Unknown Source)
	at sun.reflect.DelegatingMethodAccessorImpl.invoke(Unknown Source)
	at java.lang.reflect.Method.invoke(Unknown Source)
	at org.springframework.aop.support.AopUtils.invokeJoinpointUsingReflection(AopUtils.java:333)
	at org.springframework.aop.framework.ReflectiveMethodInvocation.invokeJoinpoint(ReflectiveMethodInvocation.java:190)
	at org.springframework.aop.framework.ReflectiveMethodInvocation.proceed(ReflectiveMethodInvocation.java:157)
	at org.springframework.transaction.interceptor.TransactionInterceptor$1.proceedWithInvocation(TransactionInterceptor.java:99)
	at org.springframework.transaction.interceptor.TransactionAspectSupport.invokeWithinTransaction(TransactionAspectSupport.java:281)
	at org.springframework.transaction.interceptor.TransactionInterceptor.invoke(TransactionInterceptor.java:96)
	at org.springframework.aop.framework.ReflectiveMethodInvocation.proceed(ReflectiveMethodInvocation.java:179)
	at org.springframework.aop.framework.JdkDynamicAopProxy.invoke(JdkDynamicAopProxy.java:213)
	at com.sun.proxy.$Proxy18.getUsers(Unknown Source)
	at com.service.impl.UsersServiceImpl.main(UsersServiceImpl.java:73)
2018-11-28 14:24:41[ERROR](DruidDataSource.java:805) invalid oracle validationQuery. select 1, may should be : select 1 FROM DUAL
2018-11-28 14:39:49[ERROR](DruidDataSource.java:805) invalid oracle validationQuery. select 1, may should be : select 1 FROM DUAL
2018-11-28 14:39:49[ERROR](Log4jFilter.java:152) {conn-10005, pstmt-20000} execute error. select id,name,telephone,grade,state,birthday from
				(select u.id,u.name,u.telephone,u.birthday,v.grade,z.state,rownum rownum_ from users u right join vbuy v on u.vid = v.id left join zhuangtai z on u.zid = z.zid
				where rownum <= ? * ?)where rownum_ > (? -  1) * ?
java.sql.SQLException: ORA-00904: "U"."VID": 标识符无效

	at oracle.jdbc.driver.DatabaseError.throwSqlException(DatabaseError.java:112)
	at oracle.jdbc.driver.T4CTTIoer.processError(T4CTTIoer.java:331)
	at oracle.jdbc.driver.T4CTTIoer.processError(T4CTTIoer.java:288)
	at oracle.jdbc.driver.T4C8Oall.receive(T4C8Oall.java:743)
	at oracle.jdbc.driver.T4CPreparedStatement.doOall8(T4CPreparedStatement.java:216)
	at oracle.jdbc.driver.T4CPreparedStatement.executeForDescribe(T4CPreparedStatement.java:799)
	at oracle.jdbc.driver.OracleStatement.executeMaybeDescribe(OracleStatement.java:1037)
	at oracle.jdbc.driver.T4CPreparedStatement.executeMaybeDescribe(T4CPreparedStatement.java:839)
	at oracle.jdbc.driver.OracleStatement.doExecuteWithTimeout(OracleStatement.java:1132)
	at oracle.jdbc.driver.OraclePreparedStatement.executeInternal(OraclePreparedStatement.java:3316)
	at oracle.jdbc.driver.OraclePreparedStatement.execute(OraclePreparedStatement.java:3422)
	at com.alibaba.druid.filter.FilterChainImpl.preparedStatement_execute(FilterChainImpl.java:2929)
	at com.alibaba.druid.filter.FilterEventAdapter.preparedStatement_execute(FilterEventAdapter.java:440)
	at com.alibaba.druid.filter.FilterChainImpl.preparedStatement_execute(FilterChainImpl.java:2927)
	at com.alibaba.druid.filter.FilterEventAdapter.preparedStatement_execute(FilterEventAdapter.java:440)
	at com.alibaba.druid.filter.FilterChainImpl.preparedStatement_execute(FilterChainImpl.java:2927)
	at com.alibaba.druid.proxy.jdbc.PreparedStatementProxyImpl.execute(PreparedStatementProxyImpl.java:118)
	at com.alibaba.druid.pool.DruidPooledPreparedStatement.execute(DruidPooledPreparedStatement.java:493)
	at sun.reflect.NativeMethodAccessorImpl.invoke0(Native Method)
	at sun.reflect.NativeMethodAccessorImpl.invoke(Unknown Source)
	at sun.reflect.DelegatingMethodAccessorImpl.invoke(Unknown Source)
	at java.lang.reflect.Method.invoke(Unknown Source)
	at org.apache.ibatis.logging.jdbc.PreparedStatementLogger.invoke(PreparedStatementLogger.java:55)
	at com.sun.proxy.$Proxy23.execute(Unknown Source)
	at org.apache.ibatis.executor.statement.PreparedStatementHandler.query(PreparedStatementHandler.java:56)
	at org.apache.ibatis.executor.statement.RoutingStatementHandler.query(RoutingStatementHandler.java:70)
	at org.apache.ibatis.executor.SimpleExecutor.doQuery(SimpleExecutor.java:57)
	at org.apache.ibatis.executor.BaseExecutor.queryFromDatabase(BaseExecutor.java:259)
	at org.apache.ibatis.executor.BaseExecutor.query(BaseExecutor.java:132)
	at org.apache.ibatis.executor.BaseExecutor.query(BaseExecutor.java:115)
	at org.apache.ibatis.session.defaults.DefaultSqlSession.selectList(DefaultSqlSession.java:104)
	at org.apache.ibatis.session.defaults.DefaultSqlSession.selectList(DefaultSqlSession.java:98)
	at sun.reflect.NativeMethodAccessorImpl.invoke0(Native Method)
	at sun.reflect.NativeMethodAccessorImpl.invoke(Unknown Source)
	at sun.reflect.DelegatingMethodAccessorImpl.invoke(Unknown Source)
	at java.lang.reflect.Method.invoke(Unknown Source)
	at org.mybatis.spring.SqlSessionTemplate$SqlSessionInterceptor.invoke(SqlSessionTemplate.java:354)
	at com.sun.proxy.$Proxy12.selectList(Unknown Source)
	at org.mybatis.spring.SqlSessionTemplate.selectList(SqlSessionTemplate.java:194)
	at org.apache.ibatis.binding.MapperMethod.executeForMany(MapperMethod.java:114)
	at org.apache.ibatis.binding.MapperMethod.execute(MapperMethod.java:58)
	at org.apache.ibatis.binding.MapperProxy.invoke(MapperProxy.java:43)
	at com.sun.proxy.$Proxy16.getUsers(Unknown Source)
	at com.service.impl.UsersServiceImpl.getUsers(UsersServiceImpl.java:35)
	at sun.reflect.NativeMethodAccessorImpl.invoke0(Native Method)
	at sun.reflect.NativeMethodAccessorImpl.invoke(Unknown Source)
	at sun.reflect.DelegatingMethodAccessorImpl.invoke(Unknown Source)
	at java.lang.reflect.Method.invoke(Unknown Source)
	at org.springframework.aop.support.AopUtils.invokeJoinpointUsingReflection(AopUtils.java:333)
	at org.springframework.aop.framework.ReflectiveMethodInvocation.invokeJoinpoint(ReflectiveMethodInvocation.java:190)
	at org.springframework.aop.framework.ReflectiveMethodInvocation.proceed(ReflectiveMethodInvocation.java:157)
	at org.springframework.transaction.interceptor.TransactionInterceptor$1.proceedWithInvocation(TransactionInterceptor.java:99)
	at org.springframework.transaction.interceptor.TransactionAspectSupport.invokeWithinTransaction(TransactionAspectSupport.java:281)
	at org.springframework.transaction.interceptor.TransactionInterceptor.invoke(TransactionInterceptor.java:96)
	at org.springframework.aop.framework.ReflectiveMethodInvocation.proceed(ReflectiveMethodInvocation.java:179)
	at org.springframework.aop.framework.JdkDynamicAopProxy.invoke(JdkDynamicAopProxy.java:213)
	at com.sun.proxy.$Proxy18.getUsers(Unknown Source)
	at com.service.impl.UsersServiceImpl.main(UsersServiceImpl.java:70)
2018-11-28 14:55:58[ERROR](DruidDataSource.java:805) invalid oracle validationQuery. select 1, may should be : select 1 FROM DUAL
2018-11-28 16:55:56[ERROR](DruidDataSource.java:805) invalid oracle validationQuery. select 1, may should be : select 1 FROM DUAL
2018-11-28 19:44:21[ERROR](DruidDataSource.java:805) invalid oracle validationQuery. select 1, may should be : select 1 FROM DUAL
2018-11-28 19:44:22[ERROR](Log4jFilter.java:152) {conn-10005, pstmt-20000} execute error. insert into users (id,name,telephone,vid,zid,birthday) values (seq_User,?,?,?,?,?)
java.sql.SQLException: ORA-00984: 列在此处不允许

	at oracle.jdbc.driver.DatabaseError.throwSqlException(DatabaseError.java:112)
	at oracle.jdbc.driver.T4CTTIoer.processError(T4CTTIoer.java:331)
	at oracle.jdbc.driver.T4CTTIoer.processError(T4CTTIoer.java:288)
	at oracle.jdbc.driver.T4C8Oall.receive(T4C8Oall.java:743)
	at oracle.jdbc.driver.T4CPreparedStatement.doOall8(T4CPreparedStatement.java:216)
	at oracle.jdbc.driver.T4CPreparedStatement.executeForRows(T4CPreparedStatement.java:955)
	at oracle.jdbc.driver.OracleStatement.doExecuteWithTimeout(OracleStatement.java:1168)
	at oracle.jdbc.driver.OraclePreparedStatement.executeInternal(OraclePreparedStatement.java:3316)
	at oracle.jdbc.driver.OraclePreparedStatement.execute(OraclePreparedStatement.java:3422)
	at com.alibaba.druid.filter.FilterChainImpl.preparedStatement_execute(FilterChainImpl.java:2929)
	at com.alibaba.druid.filter.FilterEventAdapter.preparedStatement_execute(FilterEventAdapter.java:440)
	at com.alibaba.druid.filter.FilterChainImpl.preparedStatement_execute(FilterChainImpl.java:2927)
	at com.alibaba.druid.filter.FilterEventAdapter.preparedStatement_execute(FilterEventAdapter.java:440)
	at com.alibaba.druid.filter.FilterChainImpl.preparedStatement_execute(FilterChainImpl.java:2927)
	at com.alibaba.druid.proxy.jdbc.PreparedStatementProxyImpl.execute(PreparedStatementProxyImpl.java:118)
	at com.alibaba.druid.pool.DruidPooledPreparedStatement.execute(DruidPooledPreparedStatement.java:493)
	at sun.reflect.NativeMethodAccessorImpl.invoke0(Native Method)
	at sun.reflect.NativeMethodAccessorImpl.invoke(Unknown Source)
	at sun.reflect.DelegatingMethodAccessorImpl.invoke(Unknown Source)
	at java.lang.reflect.Method.invoke(Unknown Source)
	at org.apache.ibatis.logging.jdbc.PreparedStatementLogger.invoke(PreparedStatementLogger.java:55)
	at com.sun.proxy.$Proxy22.execute(Unknown Source)
	at org.apache.ibatis.executor.statement.PreparedStatementHandler.update(PreparedStatementHandler.java:41)
	at org.apache.ibatis.executor.statement.RoutingStatementHandler.update(RoutingStatementHandler.java:66)
	at org.apache.ibatis.executor.SimpleExecutor.doUpdate(SimpleExecutor.java:45)
	at org.apache.ibatis.executor.BaseExecutor.update(BaseExecutor.java:100)
	at org.apache.ibatis.session.defaults.DefaultSqlSession.update(DefaultSqlSession.java:148)
	at org.apache.ibatis.session.defaults.DefaultSqlSession.insert(DefaultSqlSession.java:137)
	at sun.reflect.NativeMethodAccessorImpl.invoke0(Native Method)
	at sun.reflect.NativeMethodAccessorImpl.invoke(Unknown Source)
	at sun.reflect.DelegatingMethodAccessorImpl.invoke(Unknown Source)
	at java.lang.reflect.Method.invoke(Unknown Source)
	at org.mybatis.spring.SqlSessionTemplate$SqlSessionInterceptor.invoke(SqlSessionTemplate.java:354)
	at com.sun.proxy.$Proxy12.insert(Unknown Source)
	at org.mybatis.spring.SqlSessionTemplate.insert(SqlSessionTemplate.java:236)
	at org.apache.ibatis.binding.MapperMethod.execute(MapperMethod.java:46)
	at org.apache.ibatis.binding.MapperProxy.invoke(MapperProxy.java:43)
	at com.sun.proxy.$Proxy16.UserAdd(Unknown Source)
	at com.service.impl.UsersServiceImpl.UserAdd(UsersServiceImpl.java:50)
	at sun.reflect.NativeMethodAccessorImpl.invoke0(Native Method)
	at sun.reflect.NativeMethodAccessorImpl.invoke(Unknown Source)
	at sun.reflect.DelegatingMethodAccessorImpl.invoke(Unknown Source)
	at java.lang.reflect.Method.invoke(Unknown Source)
	at org.springframework.aop.support.AopUtils.invokeJoinpointUsingReflection(AopUtils.java:333)
	at org.springframework.aop.framework.ReflectiveMethodInvocation.invokeJoinpoint(ReflectiveMethodInvocation.java:190)
	at org.springframework.aop.framework.ReflectiveMethodInvocation.proceed(ReflectiveMethodInvocation.java:157)
	at org.springframework.transaction.interceptor.TransactionInterceptor$1.proceedWithInvocation(TransactionInterceptor.java:99)
	at org.springframework.transaction.interceptor.TransactionAspectSupport.invokeWithinTransaction(TransactionAspectSupport.java:281)
	at org.springframework.transaction.interceptor.TransactionInterceptor.invoke(TransactionInterceptor.java:96)
	at org.springframework.aop.framework.ReflectiveMethodInvocation.proceed(ReflectiveMethodInvocation.java:179)
	at org.springframework.aop.framework.JdkDynamicAopProxy.invoke(JdkDynamicAopProxy.java:213)
	at com.sun.proxy.$Proxy18.UserAdd(Unknown Source)
	at com.service.impl.UsersServiceImpl.main(UsersServiceImpl.java:81)
2018-11-28 19:47:40[ERROR](DruidDataSource.java:805) invalid oracle validationQuery. select 1, may should be : select 1 FROM DUAL
2018-11-28 19:47:41[ERROR](Log4jFilter.java:152) {conn-10005, pstmt-20000} execute error. insert into users (id,name,telephone,vid,zid,birthday) values (seq_User,?,?,?,?,?)
java.sql.SQLException: ORA-00984: 列在此处不允许

	at oracle.jdbc.driver.DatabaseError.throwSqlException(DatabaseError.java:112)
	at oracle.jdbc.driver.T4CTTIoer.processError(T4CTTIoer.java:331)
	at oracle.jdbc.driver.T4CTTIoer.processError(T4CTTIoer.java:288)
	at oracle.jdbc.driver.T4C8Oall.receive(T4C8Oall.java:743)
	at oracle.jdbc.driver.T4CPreparedStatement.doOall8(T4CPreparedStatement.java:216)
	at oracle.jdbc.driver.T4CPreparedStatement.executeForRows(T4CPreparedStatement.java:955)
	at oracle.jdbc.driver.OracleStatement.doExecuteWithTimeout(OracleStatement.java:1168)
	at oracle.jdbc.driver.OraclePreparedStatement.executeInternal(OraclePreparedStatement.java:3316)
	at oracle.jdbc.driver.OraclePreparedStatement.execute(OraclePreparedStatement.java:3422)
	at com.alibaba.druid.filter.FilterChainImpl.preparedStatement_execute(FilterChainImpl.java:2929)
	at com.alibaba.druid.filter.FilterEventAdapter.preparedStatement_execute(FilterEventAdapter.java:440)
	at com.alibaba.druid.filter.FilterChainImpl.preparedStatement_execute(FilterChainImpl.java:2927)
	at com.alibaba.druid.filter.FilterEventAdapter.preparedStatement_execute(FilterEventAdapter.java:440)
	at com.alibaba.druid.filter.FilterChainImpl.preparedStatement_execute(FilterChainImpl.java:2927)
	at com.alibaba.druid.proxy.jdbc.PreparedStatementProxyImpl.execute(PreparedStatementProxyImpl.java:118)
	at com.alibaba.druid.pool.DruidPooledPreparedStatement.execute(DruidPooledPreparedStatement.java:493)
	at sun.reflect.NativeMethodAccessorImpl.invoke0(Native Method)
	at sun.reflect.NativeMethodAccessorImpl.invoke(Unknown Source)
	at sun.reflect.DelegatingMethodAccessorImpl.invoke(Unknown Source)
	at java.lang.reflect.Method.invoke(Unknown Source)
	at org.apache.ibatis.logging.jdbc.PreparedStatementLogger.invoke(PreparedStatementLogger.java:55)
	at com.sun.proxy.$Proxy22.execute(Unknown Source)
	at org.apache.ibatis.executor.statement.PreparedStatementHandler.update(PreparedStatementHandler.java:41)
	at org.apache.ibatis.executor.statement.RoutingStatementHandler.update(RoutingStatementHandler.java:66)
	at org.apache.ibatis.executor.SimpleExecutor.doUpdate(SimpleExecutor.java:45)
	at org.apache.ibatis.executor.BaseExecutor.update(BaseExecutor.java:100)
	at org.apache.ibatis.session.defaults.DefaultSqlSession.update(DefaultSqlSession.java:148)
	at org.apache.ibatis.session.defaults.DefaultSqlSession.insert(DefaultSqlSession.java:137)
	at sun.reflect.NativeMethodAccessorImpl.invoke0(Native Method)
	at sun.reflect.NativeMethodAccessorImpl.invoke(Unknown Source)
	at sun.reflect.DelegatingMethodAccessorImpl.invoke(Unknown Source)
	at java.lang.reflect.Method.invoke(Unknown Source)
	at org.mybatis.spring.SqlSessionTemplate$SqlSessionInterceptor.invoke(SqlSessionTemplate.java:354)
	at com.sun.proxy.$Proxy12.insert(Unknown Source)
	at org.mybatis.spring.SqlSessionTemplate.insert(SqlSessionTemplate.java:236)
	at org.apache.ibatis.binding.MapperMethod.execute(MapperMethod.java:46)
	at org.apache.ibatis.binding.MapperProxy.invoke(MapperProxy.java:43)
	at com.sun.proxy.$Proxy16.UserAdd(Unknown Source)
	at com.service.impl.UsersServiceImpl.UserAdd(UsersServiceImpl.java:50)
	at sun.reflect.NativeMethodAccessorImpl.invoke0(Native Method)
	at sun.reflect.NativeMethodAccessorImpl.invoke(Unknown Source)
	at sun.reflect.DelegatingMethodAccessorImpl.invoke(Unknown Source)
	at java.lang.reflect.Method.invoke(Unknown Source)
	at org.springframework.aop.support.AopUtils.invokeJoinpointUsingReflection(AopUtils.java:333)
	at org.springframework.aop.framework.ReflectiveMethodInvocation.invokeJoinpoint(ReflectiveMethodInvocation.java:190)
	at org.springframework.aop.framework.ReflectiveMethodInvocation.proceed(ReflectiveMethodInvocation.java:157)
	at org.springframework.transaction.interceptor.TransactionInterceptor$1.proceedWithInvocation(TransactionInterceptor.java:99)
	at org.springframework.transaction.interceptor.TransactionAspectSupport.invokeWithinTransaction(TransactionAspectSupport.java:281)
	at org.springframework.transaction.interceptor.TransactionInterceptor.invoke(TransactionInterceptor.java:96)
	at org.springframework.aop.framework.ReflectiveMethodInvocation.proceed(ReflectiveMethodInvocation.java:179)
	at org.springframework.aop.framework.JdkDynamicAopProxy.invoke(JdkDynamicAopProxy.java:213)
	at com.sun.proxy.$Proxy18.UserAdd(Unknown Source)
	at com.service.impl.UsersServiceImpl.main(UsersServiceImpl.java:81)
2018-11-28 19:56:11[ERROR](DruidDataSource.java:805) invalid oracle validationQuery. select 1, may should be : select 1 FROM DUAL
2018-11-28 20:08:39[ERROR](DruidDataSource.java:805) invalid oracle validationQuery. select 1, may should be : select 1 FROM DUAL
2018-11-28 21:00:59[ERROR](DruidDataSource.java:805) invalid oracle validationQuery. select 1, may should be : select 1 FROM DUAL
2018-11-28 21:01:09[ERROR](DruidDataSource.java:805) invalid oracle validationQuery. select 1, may should be : select 1 FROM DUAL
2018-11-28 21:07:41[ERROR](DruidDataSource.java:805) invalid oracle validationQuery. select 1, may should be : select 1 FROM DUAL
2018-11-28 21:12:28[ERROR](DruidDataSource.java:805) invalid oracle validationQuery. select 1, may should be : select 1 FROM DUAL
2018-11-28 21:15:06[ERROR](DruidDataSource.java:805) invalid oracle validationQuery. select 1, may should be : select 1 FROM DUAL
2018-11-28 21:24:12[ERROR](DruidDataSource.java:805) invalid oracle validationQuery. select 1, may should be : select 1 FROM DUAL
2018-11-28 21:24:12[ERROR](Log4jFilter.java:152) {conn-10005, pstmt-20000} execute error. delect * from users where id=?
java.sql.SQLException: ORA-00900: 无效 SQL 语句

	at oracle.jdbc.driver.DatabaseError.throwSqlException(DatabaseError.java:112)
	at oracle.jdbc.driver.T4CTTIoer.processError(T4CTTIoer.java:331)
	at oracle.jdbc.driver.T4CTTIoer.processError(T4CTTIoer.java:288)
	at oracle.jdbc.driver.T4C8Oall.receive(T4C8Oall.java:743)
	at oracle.jdbc.driver.T4CPreparedStatement.doOall8(T4CPreparedStatement.java:216)
	at oracle.jdbc.driver.T4CPreparedStatement.executeForRows(T4CPreparedStatement.java:955)
	at oracle.jdbc.driver.OracleStatement.doExecuteWithTimeout(OracleStatement.java:1168)
	at oracle.jdbc.driver.OraclePreparedStatement.executeInternal(OraclePreparedStatement.java:3316)
	at oracle.jdbc.driver.OraclePreparedStatement.execute(OraclePreparedStatement.java:3422)
	at com.alibaba.druid.filter.FilterChainImpl.preparedStatement_execute(FilterChainImpl.java:2929)
	at com.alibaba.druid.filter.FilterEventAdapter.preparedStatement_execute(FilterEventAdapter.java:440)
	at com.alibaba.druid.filter.FilterChainImpl.preparedStatement_execute(FilterChainImpl.java:2927)
	at com.alibaba.druid.filter.FilterEventAdapter.preparedStatement_execute(FilterEventAdapter.java:440)
	at com.alibaba.druid.filter.FilterChainImpl.preparedStatement_execute(FilterChainImpl.java:2927)
	at com.alibaba.druid.proxy.jdbc.PreparedStatementProxyImpl.execute(PreparedStatementProxyImpl.java:118)
	at com.alibaba.druid.pool.DruidPooledPreparedStatement.execute(DruidPooledPreparedStatement.java:493)
	at sun.reflect.NativeMethodAccessorImpl.invoke0(Native Method)
	at sun.reflect.NativeMethodAccessorImpl.invoke(Unknown Source)
	at sun.reflect.DelegatingMethodAccessorImpl.invoke(Unknown Source)
	at java.lang.reflect.Method.invoke(Unknown Source)
	at org.apache.ibatis.logging.jdbc.PreparedStatementLogger.invoke(PreparedStatementLogger.java:55)
	at com.sun.proxy.$Proxy23.execute(Unknown Source)
	at org.apache.ibatis.executor.statement.PreparedStatementHandler.update(PreparedStatementHandler.java:41)
	at org.apache.ibatis.executor.statement.RoutingStatementHandler.update(RoutingStatementHandler.java:66)
	at org.apache.ibatis.executor.SimpleExecutor.doUpdate(SimpleExecutor.java:45)
	at org.apache.ibatis.executor.BaseExecutor.update(BaseExecutor.java:100)
	at org.apache.ibatis.session.defaults.DefaultSqlSession.update(DefaultSqlSession.java:148)
	at org.apache.ibatis.session.defaults.DefaultSqlSession.delete(DefaultSqlSession.java:161)
	at sun.reflect.NativeMethodAccessorImpl.invoke0(Native Method)
	at sun.reflect.NativeMethodAccessorImpl.invoke(Unknown Source)
	at sun.reflect.DelegatingMethodAccessorImpl.invoke(Unknown Source)
	at java.lang.reflect.Method.invoke(Unknown Source)
	at org.mybatis.spring.SqlSessionTemplate$SqlSessionInterceptor.invoke(SqlSessionTemplate.java:354)
	at com.sun.proxy.$Proxy12.delete(Unknown Source)
	at org.mybatis.spring.SqlSessionTemplate.delete(SqlSessionTemplate.java:264)
	at org.apache.ibatis.binding.MapperMethod.execute(MapperMethod.java:52)
	at org.apache.ibatis.binding.MapperProxy.invoke(MapperProxy.java:43)
	at com.sun.proxy.$Proxy16.UserDelete(Unknown Source)
	at com.service.impl.UsersServiceImpl.UserDelete(UsersServiceImpl.java:56)
	at sun.reflect.NativeMethodAccessorImpl.invoke0(Native Method)
	at sun.reflect.NativeMethodAccessorImpl.invoke(Unknown Source)
	at sun.reflect.DelegatingMethodAccessorImpl.invoke(Unknown Source)
	at java.lang.reflect.Method.invoke(Unknown Source)
	at org.springframework.aop.support.AopUtils.invokeJoinpointUsingReflection(AopUtils.java:333)
	at org.springframework.aop.framework.ReflectiveMethodInvocation.invokeJoinpoint(ReflectiveMethodInvocation.java:190)
	at org.springframework.aop.framework.ReflectiveMethodInvocation.proceed(ReflectiveMethodInvocation.java:157)
	at org.springframework.transaction.interceptor.TransactionInterceptor$1.proceedWithInvocation(TransactionInterceptor.java:99)
	at org.springframework.transaction.interceptor.TransactionAspectSupport.invokeWithinTransaction(TransactionAspectSupport.java:281)
	at org.springframework.transaction.interceptor.TransactionInterceptor.invoke(TransactionInterceptor.java:96)
	at org.springframework.aop.framework.ReflectiveMethodInvocation.proceed(ReflectiveMethodInvocation.java:179)
	at org.springframework.aop.framework.JdkDynamicAopProxy.invoke(JdkDynamicAopProxy.java:213)
	at com.sun.proxy.$Proxy18.UserDelete(Unknown Source)
	at com.service.impl.UsersServiceImpl.main(UsersServiceImpl.java:82)
2018-11-28 21:25:28[ERROR](DruidDataSource.java:805) invalid oracle validationQuery. select 1, may should be : select 1 FROM DUAL
2018-11-28 21:25:29[ERROR](Log4jFilter.java:152) {conn-10005, pstmt-20000} execute error. delect from users where id=?
java.sql.SQLException: ORA-00900: 无效 SQL 语句

	at oracle.jdbc.driver.DatabaseError.throwSqlException(DatabaseError.java:112)
	at oracle.jdbc.driver.T4CTTIoer.processError(T4CTTIoer.java:331)
	at oracle.jdbc.driver.T4CTTIoer.processError(T4CTTIoer.java:288)
	at oracle.jdbc.driver.T4C8Oall.receive(T4C8Oall.java:743)
	at oracle.jdbc.driver.T4CPreparedStatement.doOall8(T4CPreparedStatement.java:216)
	at oracle.jdbc.driver.T4CPreparedStatement.executeForRows(T4CPreparedStatement.java:955)
	at oracle.jdbc.driver.OracleStatement.doExecuteWithTimeout(OracleStatement.java:1168)
	at oracle.jdbc.driver.OraclePreparedStatement.executeInternal(OraclePreparedStatement.java:3316)
	at oracle.jdbc.driver.OraclePreparedStatement.execute(OraclePreparedStatement.java:3422)
	at com.alibaba.druid.filter.FilterChainImpl.preparedStatement_execute(FilterChainImpl.java:2929)
	at com.alibaba.druid.filter.FilterEventAdapter.preparedStatement_execute(FilterEventAdapter.java:440)
	at com.alibaba.druid.filter.FilterChainImpl.preparedStatement_execute(FilterChainImpl.java:2927)
	at com.alibaba.druid.filter.FilterEventAdapter.preparedStatement_execute(FilterEventAdapter.java:440)
	at com.alibaba.druid.filter.FilterChainImpl.preparedStatement_execute(FilterChainImpl.java:2927)
	at com.alibaba.druid.proxy.jdbc.PreparedStatementProxyImpl.execute(PreparedStatementProxyImpl.java:118)
	at com.alibaba.druid.pool.DruidPooledPreparedStatement.execute(DruidPooledPreparedStatement.java:493)
	at sun.reflect.NativeMethodAccessorImpl.invoke0(Native Method)
	at sun.reflect.NativeMethodAccessorImpl.invoke(Unknown Source)
	at sun.reflect.DelegatingMethodAccessorImpl.invoke(Unknown Source)
	at java.lang.reflect.Method.invoke(Unknown Source)
	at org.apache.ibatis.logging.jdbc.PreparedStatementLogger.invoke(PreparedStatementLogger.java:55)
	at com.sun.proxy.$Proxy23.execute(Unknown Source)
	at org.apache.ibatis.executor.statement.PreparedStatementHandler.update(PreparedStatementHandler.java:41)
	at org.apache.ibatis.executor.statement.RoutingStatementHandler.update(RoutingStatementHandler.java:66)
	at org.apache.ibatis.executor.SimpleExecutor.doUpdate(SimpleExecutor.java:45)
	at org.apache.ibatis.executor.BaseExecutor.update(BaseExecutor.java:100)
	at org.apache.ibatis.session.defaults.DefaultSqlSession.update(DefaultSqlSession.java:148)
	at org.apache.ibatis.session.defaults.DefaultSqlSession.delete(DefaultSqlSession.java:161)
	at sun.reflect.NativeMethodAccessorImpl.invoke0(Native Method)
	at sun.reflect.NativeMethodAccessorImpl.invoke(Unknown Source)
	at sun.reflect.DelegatingMethodAccessorImpl.invoke(Unknown Source)
	at java.lang.reflect.Method.invoke(Unknown Source)
	at org.mybatis.spring.SqlSessionTemplate$SqlSessionInterceptor.invoke(SqlSessionTemplate.java:354)
	at com.sun.proxy.$Proxy12.delete(Unknown Source)
	at org.mybatis.spring.SqlSessionTemplate.delete(SqlSessionTemplate.java:264)
	at org.apache.ibatis.binding.MapperMethod.execute(MapperMethod.java:52)
	at org.apache.ibatis.binding.MapperProxy.invoke(MapperProxy.java:43)
	at com.sun.proxy.$Proxy16.UserDelete(Unknown Source)
	at com.service.impl.UsersServiceImpl.UserDelete(UsersServiceImpl.java:56)
	at sun.reflect.NativeMethodAccessorImpl.invoke0(Native Method)
	at sun.reflect.NativeMethodAccessorImpl.invoke(Unknown Source)
	at sun.reflect.DelegatingMethodAccessorImpl.invoke(Unknown Source)
	at java.lang.reflect.Method.invoke(Unknown Source)
	at org.springframework.aop.support.AopUtils.invokeJoinpointUsingReflection(AopUtils.java:333)
	at org.springframework.aop.framework.ReflectiveMethodInvocation.invokeJoinpoint(ReflectiveMethodInvocation.java:190)
	at org.springframework.aop.framework.ReflectiveMethodInvocation.proceed(ReflectiveMethodInvocation.java:157)
	at org.springframework.transaction.interceptor.TransactionInterceptor$1.proceedWithInvocation(TransactionInterceptor.java:99)
	at org.springframework.transaction.interceptor.TransactionAspectSupport.invokeWithinTransaction(TransactionAspectSupport.java:281)
	at org.springframework.transaction.interceptor.TransactionInterceptor.invoke(TransactionInterceptor.java:96)
	at org.springframework.aop.framework.ReflectiveMethodInvocation.proceed(ReflectiveMethodInvocation.java:179)
	at org.springframework.aop.framework.JdkDynamicAopProxy.invoke(JdkDynamicAopProxy.java:213)
	at com.sun.proxy.$Proxy18.UserDelete(Unknown Source)
	at com.service.impl.UsersServiceImpl.main(UsersServiceImpl.java:82)
2018-11-28 21:25:58[ERROR](DruidDataSource.java:805) invalid oracle validationQuery. select 1, may should be : select 1 FROM DUAL
2018-11-28 21:25:58[ERROR](Log4jFilter.java:152) {conn-10005, pstmt-20000} execute error. delect from users where id=?
java.sql.SQLException: ORA-00900: 无效 SQL 语句

	at oracle.jdbc.driver.DatabaseError.throwSqlException(DatabaseError.java:112)
	at oracle.jdbc.driver.T4CTTIoer.processError(T4CTTIoer.java:331)
	at oracle.jdbc.driver.T4CTTIoer.processError(T4CTTIoer.java:288)
	at oracle.jdbc.driver.T4C8Oall.receive(T4C8Oall.java:743)
	at oracle.jdbc.driver.T4CPreparedStatement.doOall8(T4CPreparedStatement.java:216)
	at oracle.jdbc.driver.T4CPreparedStatement.executeForRows(T4CPreparedStatement.java:955)
	at oracle.jdbc.driver.OracleStatement.doExecuteWithTimeout(OracleStatement.java:1168)
	at oracle.jdbc.driver.OraclePreparedStatement.executeInternal(OraclePreparedStatement.java:3316)
	at oracle.jdbc.driver.OraclePreparedStatement.execute(OraclePreparedStatement.java:3422)
	at com.alibaba.druid.filter.FilterChainImpl.preparedStatement_execute(FilterChainImpl.java:2929)
	at com.alibaba.druid.filter.FilterEventAdapter.preparedStatement_execute(FilterEventAdapter.java:440)
	at com.alibaba.druid.filter.FilterChainImpl.preparedStatement_execute(FilterChainImpl.java:2927)
	at com.alibaba.druid.filter.FilterEventAdapter.preparedStatement_execute(FilterEventAdapter.java:440)
	at com.alibaba.druid.filter.FilterChainImpl.preparedStatement_execute(FilterChainImpl.java:2927)
	at com.alibaba.druid.proxy.jdbc.PreparedStatementProxyImpl.execute(PreparedStatementProxyImpl.java:118)
	at com.alibaba.druid.pool.DruidPooledPreparedStatement.execute(DruidPooledPreparedStatement.java:493)
	at sun.reflect.NativeMethodAccessorImpl.invoke0(Native Method)
	at sun.reflect.NativeMethodAccessorImpl.invoke(Unknown Source)
	at sun.reflect.DelegatingMethodAccessorImpl.invoke(Unknown Source)
	at java.lang.reflect.Method.invoke(Unknown Source)
	at org.apache.ibatis.logging.jdbc.PreparedStatementLogger.invoke(PreparedStatementLogger.java:55)
	at com.sun.proxy.$Proxy23.execute(Unknown Source)
	at org.apache.ibatis.executor.statement.PreparedStatementHandler.update(PreparedStatementHandler.java:41)
	at org.apache.ibatis.executor.statement.RoutingStatementHandler.update(RoutingStatementHandler.java:66)
	at org.apache.ibatis.executor.SimpleExecutor.doUpdate(SimpleExecutor.java:45)
	at org.apache.ibatis.executor.BaseExecutor.update(BaseExecutor.java:100)
	at org.apache.ibatis.session.defaults.DefaultSqlSession.update(DefaultSqlSession.java:148)
	at org.apache.ibatis.session.defaults.DefaultSqlSession.delete(DefaultSqlSession.java:161)
	at sun.reflect.NativeMethodAccessorImpl.invoke0(Native Method)
	at sun.reflect.NativeMethodAccessorImpl.invoke(Unknown Source)
	at sun.reflect.DelegatingMethodAccessorImpl.invoke(Unknown Source)
	at java.lang.reflect.Method.invoke(Unknown Source)
	at org.mybatis.spring.SqlSessionTemplate$SqlSessionInterceptor.invoke(SqlSessionTemplate.java:354)
	at com.sun.proxy.$Proxy12.delete(Unknown Source)
	at org.mybatis.spring.SqlSessionTemplate.delete(SqlSessionTemplate.java:264)
	at org.apache.ibatis.binding.MapperMethod.execute(MapperMethod.java:52)
	at org.apache.ibatis.binding.MapperProxy.invoke(MapperProxy.java:43)
	at com.sun.proxy.$Proxy16.UserDelete(Unknown Source)
	at com.service.impl.UsersServiceImpl.UserDelete(UsersServiceImpl.java:56)
	at sun.reflect.NativeMethodAccessorImpl.invoke0(Native Method)
	at sun.reflect.NativeMethodAccessorImpl.invoke(Unknown Source)
	at sun.reflect.DelegatingMethodAccessorImpl.invoke(Unknown Source)
	at java.lang.reflect.Method.invoke(Unknown Source)
	at org.springframework.aop.support.AopUtils.invokeJoinpointUsingReflection(AopUtils.java:333)
	at org.springframework.aop.framework.ReflectiveMethodInvocation.invokeJoinpoint(ReflectiveMethodInvocation.java:190)
	at org.springframework.aop.framework.ReflectiveMethodInvocation.proceed(ReflectiveMethodInvocation.java:157)
	at org.springframework.transaction.interceptor.TransactionInterceptor$1.proceedWithInvocation(TransactionInterceptor.java:99)
	at org.springframework.transaction.interceptor.TransactionAspectSupport.invokeWithinTransaction(TransactionAspectSupport.java:281)
	at org.springframework.transaction.interceptor.TransactionInterceptor.invoke(TransactionInterceptor.java:96)
	at org.springframework.aop.framework.ReflectiveMethodInvocation.proceed(ReflectiveMethodInvocation.java:179)
	at org.springframework.aop.framework.JdkDynamicAopProxy.invoke(JdkDynamicAopProxy.java:213)
	at com.sun.proxy.$Proxy18.UserDelete(Unknown Source)
	at com.service.impl.UsersServiceImpl.main(UsersServiceImpl.java:82)
2018-11-28 21:29:12[ERROR](DruidDataSource.java:805) invalid oracle validationQuery. select 1, may should be : select 1 FROM DUAL
=======
2018-11-28 13:43:33[ERROR](DruidDataSource.java:805) invalid oracle validationQuery. select 1, may should be : select 1 FROM DUAL
2018-11-28 14:39:54[ERROR](DruidDataSource.java:805) invalid oracle validationQuery. select 1, may should be : select 1 FROM DUAL
2018-11-28 14:41:16[ERROR](DruidDataSource.java:805) invalid oracle validationQuery. select 1, may should be : select 1 FROM DUAL
2018-11-28 16:18:21[ERROR](DruidDataSource.java:805) invalid oracle validationQuery. select 1, may should be : select 1 FROM DUAL
2018-11-28 19:10:07[ERROR](DruidDataSource.java:805) invalid oracle validationQuery. select 1, may should be : select 1 FROM DUAL
2018-11-28 19:12:23[ERROR](DruidDataSource.java:805) invalid oracle validationQuery. select 1, may should be : select 1 FROM DUAL
>>>>>>> branch 'master' of https://github.com/1640249600/Healthy.git
